<?xml version="1.0" encoding="UTF-8"?>
<!-- Generated by org.testng.reporters.JUnitReportReporter -->
<testsuite hostname="G46CLW152ITS753" failures="0" tests="1" name="testcases.LoginTest" time="15.170" errors="0" timestamp="2023-02-07T13:38:20 CST" skipped="0">
  <testcase classname="testcases.LoginTest" name="testLogin" time="15.170"/>
  <system-out/>
</testsuite> <!-- testcases.LoginTest -->
