<?xml version="1.0" encoding="UTF-8"?>
<!-- Generated by org.testng.reporters.JUnitReportReporter -->
<testsuite hostname="G46CLW152ITS753" failures="0" tests="2" name="com.bdd.runners.LoginModuleRunner" time="169.369" errors="0" timestamp="2023-02-10T17:37:42 CST" skipped="0">
  <testcase classname="com.bdd.runners.LoginModuleRunner" name="runScenario" time="14.313"/>
  <system-out/>
  <testcase classname="com.bdd.runners.LoginModuleRunner" name="runScenario" time="155.056"/>
  <system-out/>
</testsuite> <!-- com.bdd.runners.LoginModuleRunner -->
