<?xml version="1.0" encoding="UTF-8"?>
<!-- Generated by org.testng.reporters.JUnitReportReporter -->
<testsuite hostname="G46CLW152ITS753" failures="0" tests="1" name="com.bdd.runners.LoginModuleRunner" time="154.160" errors="0" timestamp="2023-02-08T11:39:30 CST" skipped="0">
  <testcase classname="com.bdd.runners.LoginModuleRunner" name="runScenario" time="154.160"/>
  <system-out/>
</testsuite> <!-- com.bdd.runners.LoginModuleRunner -->
