<?xml version="1.0" encoding="UTF-8"?>
<!-- Generated by org.testng.reporters.JUnitReportReporter -->
<testsuite hostname="G46CLW152ITS753" failures="0" tests="2" name="com.bdd.runners.LoginModuleRunner" time="173.613" errors="0" timestamp="2023-02-09T15:32:16 CST" skipped="0">
  <testcase classname="com.bdd.runners.LoginModuleRunner" name="runScenario" time="157.171"/>
  <system-out/>
  <testcase classname="com.bdd.runners.LoginModuleRunner" name="runScenario" time="16.442"/>
  <system-out/>
</testsuite> <!-- com.bdd.runners.LoginModuleRunner -->
